<?xml version="1.0" encoding="UTF-8"?>
<testng-results skipped="0" failed="0" ignored="0" total="1" passed="1">
  <reporter-output>
  </reporter-output>
  <suite name="Default suite" duration-ms="35636" started-at="2021-07-05T16:12:44Z" finished-at="2021-07-05T16:13:19Z">
    <groups>
    </groups>
    <test name="Default test" duration-ms="35636" started-at="2021-07-05T16:12:44Z" finished-at="2021-07-05T16:13:19Z">
      <class name="Zss.Tariqur_Rahman.TestCases">
        <test-method status="PASS" signature="before_test()[pri:0, instance:Zss.Tariqur_Rahman.TestCases@18317edc]" name="before_test" is-config="true" duration-ms="2450" started-at="2021-07-05T22:12:44Z" finished-at="2021-07-05T22:12:46Z">
          <reporter-output>
          </reporter-output>
        </test-method> <!-- before_test -->
        <test-method status="PASS" signature="verify()[pri:1, instance:Zss.Tariqur_Rahman.TestCases@18317edc]" name="verify" duration-ms="33114" started-at="2021-07-05T22:12:46Z" finished-at="2021-07-05T22:13:19Z">
          <reporter-output>
          </reporter-output>
        </test-method> <!-- verify -->
        <test-method status="PASS" signature="after_test()[pri:0, instance:Zss.Tariqur_Rahman.TestCases@18317edc]" name="after_test" is-config="true" duration-ms="55" started-at="2021-07-05T22:13:19Z" finished-at="2021-07-05T22:13:19Z">
          <reporter-output>
          </reporter-output>
        </test-method> <!-- after_test -->
      </class> <!-- Zss.Tariqur_Rahman.TestCases -->
    </test> <!-- Default test -->
  </suite> <!-- Default suite -->
</testng-results>
